OMP_SCHEDULE=static OMP_NUM_THREADS=1 ./build/ray-tracing-omp -S 32 -W 512 -H 288 -D 32 -o images/static-image-1.ppm
Sample: 32, Width: 512, Height: 288, Depth: 32, Collapse: disabled, Threads: 1, Schedule: Static, chunk size: 0

Elapsed time: 20.0231 
(#0): 20.0183s
Min: 20.0183s | Max: 20.0183s | Avg: 20.0183s
OMP_SCHEDULE=static OMP_NUM_THREADS=2 ./build/ray-tracing-omp -S 64 -W 512 -H 288 -D 32 -o images/static-image-2.ppm
Sample: 64, Width: 512, Height: 288, Depth: 32, Collapse: disabled, Threads: 2, Schedule: Static, chunk size: 0

Elapsed time: 28.8351 
(#0): 23.9764s
(#1): 28.8323s
Min: 23.9764s | Max: 28.8323s | Avg: 26.4043s
OMP_SCHEDULE=static OMP_NUM_THREADS=4 ./build/ray-tracing-omp -S 128 -W 512 -H 288 -D 32 -o images/static-image-4.ppm
Sample: 128, Width: 512, Height: 288, Depth: 32, Collapse: disabled, Threads: 4, Schedule: Static, chunk size: 0

Elapsed time: 39.0622 
(#0): 21.1287s
(#1): 37.5518s
(#2): 39.0608s
(#3): 32.5663s
Min: 21.1287s | Max: 39.0608s | Avg: 32.5769s
OMP_SCHEDULE=static OMP_NUM_THREADS=8 ./build/ray-tracing-omp -S 256 -W 512 -H 288 -D 32 -o images/static-image-8.ppm
Sample: 256, Width: 512, Height: 288, Depth: 32, Collapse: disabled, Threads: 8, Schedule: Static, chunk size: 0

Elapsed time: 59.8172 
(#0): 23.2896s
(#1): 37.35s
(#2): 50.7977s
(#3): 59.2097s
(#4): 59.8161s
(#5): 59.1201s
(#6): 50.6793s
(#7): 47.0783s
Min: 23.2896s | Max: 59.8161s | Avg: 48.4176s
OMP_SCHEDULE=static OMP_NUM_THREADS=16 ./build/ray-tracing-omp -S 512 -W 512 -H 288 -D 32 -o images/static-image-16.ppm
Sample: 512, Width: 512, Height: 288, Depth: 32, Collapse: disabled, Threads: 16, Schedule: Static, chunk size: 0

Elapsed time: 101.772 
(#0): 36.311s
(#1): 55.0422s
(#2): 56.278s
(#3): 65.7707s
(#4): 81.3877s
(#5): 89.0203s
(#6): 97.6702s
(#7): 98.6578s
(#8): 98.054s
(#9): 99.712s
(#10): 101.771s
(#11): 98.9379s
(#12): 86.5824s
(#13): 83.1441s
(#14): 77.2684s
(#15): 81.7439s
Min: 36.311s | Max: 101.771s | Avg: 81.7095s
OMP_SCHEDULE=static OMP_NUM_THREADS=32 ./build/ray-tracing-omp -S 1024 -W 512 -H 288 -D 32 -o images/static-image-32.ppm
Sample: 1024, Width: 512, Height: 288, Depth: 32, Collapse: disabled, Threads: 32, Schedule: Static, chunk size: 0

Elapsed time: 159.357 
(#0): 67.9954s
(#1): 68.1129s
(#2): 82.1835s
(#3): 113.936s
(#4): 83.8596s
(#5): 88.4958s
(#6): 86.1117s
(#7): 117.57s
(#8): 120.613s
(#9): 129.532s
(#10): 132.011s
(#11): 138.522s
(#12): 141.766s
(#13): 152.472s
(#14): 147.334s
(#15): 150.566s
(#16): 150.995s
(#17): 153.156s
(#18): 153.422s
(#19): 155.087s
(#20): 159.357s
(#21): 157.794s
(#22): 155.169s
(#23): 156.385s
(#24): 136.262s
(#25): 138.53s
(#26): 134.787s
(#27): 129.725s
(#28): 121.963s
(#29): 124.955s
(#30): 128.947s
(#31): 131.613s
Min: 67.9954s | Max: 159.357s | Avg: 128.413s
OMP_SCHEDULE=static OMP_NUM_THREADS=64 ./build/ray-tracing-omp -S 2048 -W 512 -H 288 -D 32 -o images/static-image-64.ppm
Sample: 2048, Width: 512, Height: 288, Depth: 32, Collapse: disabled, Threads: 64, Schedule: Static, chunk size: 0

Elapsed time: 231.082 
(#0): 120.438s
(#1): 119.247s
(#2): 118.744s
(#3): 117.712s
(#4): 138.971s
(#5): 180.158s
(#6): 193.603s
(#7): 201.797s
(#8): 144.485s
(#9): 148.806s
(#10): 146.79s
(#11): 144.077s
(#12): 150.831s
(#13): 186.853s
(#14): 196.464s
(#15): 197.973s
(#16): 202.938s
(#17): 203.973s
(#18): 207.376s
(#19): 211.46s
(#20): 213.502s
(#21): 215.486s
(#22): 218.45s
(#23): 230.483s
(#24): 230.083s
(#25): 226.576s
(#26): 224.739s
(#27): 227.648s
(#28): 228.425s
(#29): 224.657s
(#30): 228.767s
(#31): 228.902s
(#32): 213.481s
(#33): 217.488s
(#34): 221.32s
(#35): 225.204s
(#36): 217.658s
(#37): 209.964s
(#38): 210.231s
(#39): 210.458s
(#40): 231.082s
(#41): 229.178s
(#42): 228.224s
(#43): 229.487s
(#44): 229.855s
(#45): 230.557s
(#46): 228.872s
(#47): 228.96s
(#48): 185.249s
(#49): 189.434s
(#50): 194.149s
(#51): 183.442s
(#52): 183.874s
(#53): 181.285s
(#54): 169.166s
(#55): 163.661s
(#56): 167.298s
(#57): 167.305s
(#58): 170.034s
(#59): 173.127s
(#60): 176.454s
(#61): 181.771s
(#62): 182.374s
(#63): 175.107s
Min: 117.712s | Max: 231.082s | Avg: 194.315s
OMP_SCHEDULE=static OMP_NUM_THREADS=128 ./build/ray-tracing-omp -S 4096 -W 512 -H 288 -D 32 -o images/static-image-128.ppm
Sample: 4096, Width: 512, Height: 288, Depth: 32, Collapse: disabled, Threads: 128, Schedule: Static, chunk size: 0

Elapsed time: 370.181 
(#0): 260.776s
(#1): 249.969s
(#2): 245.983s
(#3): 243.189s
(#4): 239.06s
(#5): 242.402s
(#6): 239.932s
(#7): 270.605s
(#8): 335.132s
(#9): 344.192s
(#10): 351.388s
(#11): 355.519s
(#12): 358.609s
(#13): 363.098s
(#14): 362.887s
(#15): 365.392s
(#16): 310.226s
(#17): 299.774s
(#18): 297.511s
(#19): 290.318s
(#20): 296.593s
(#21): 325.263s
(#22): 355.945s
(#23): 362.445s
(#24): 365.502s
(#25): 362.504s
(#26): 365.251s
(#27): 367.011s
(#28): 366.599s
(#29): 366.656s
(#30): 367.828s
(#31): 368.957s
(#32): 319.39s
(#33): 313.165s
(#34): 317.906s
(#35): 317.985s
(#36): 318.327s
(#37): 320.145s
(#38): 319.778s
(#39): 319.689s
(#40): 336.338s
(#41): 345.454s
(#42): 354.586s
(#43): 356.179s
(#44): 357.517s
(#45): 355.963s
(#46): 352.724s
(#47): 348.726s
(#48): 352.529s
(#49): 344.443s
(#50): 343.184s
(#51): 340.275s
(#52): 345.982s
(#53): 352.382s
(#54): 354.81s
(#55): 346.234s
(#56): 348.958s
(#57): 344.52s
(#58): 347.989s
(#59): 350.098s
(#60): 352.454s
(#61): 355.948s
(#62): 351.77s
(#63): 348.162s
(#64): 356.902s
(#65): 358.771s
(#66): 358.641s
(#67): 362.245s
(#68): 361.922s
(#69): 365.364s
(#70): 367.786s
(#71): 366.612s
(#72): 364.96s
(#73): 358.343s
(#74): 352.754s
(#75): 351.605s
(#76): 350.339s
(#77): 351.015s
(#78): 352.898s
(#79): 345.841s
(#80): 370.181s
(#81): 368.912s
(#82): 367.332s
(#83): 366.293s
(#84): 364.721s
(#85): 364.928s
(#86): 365.62s
(#87): 367.05s
(#88): 368.747s
(#89): 368.812s
(#90): 368.902s
(#91): 368.871s
(#92): 367.119s
(#93): 366.115s
(#94): 365.641s
(#95): 366.745s
(#96): 321.514s
(#97): 317.968s
(#98): 317.898s
(#99): 326.247s
(#100): 328.893s
(#101): 322.989s
(#102): 314.16s
(#103): 304.926s
(#104): 308.825s
(#105): 311.193s
(#106): 308.675s
(#107): 298.597s
(#108): 287.888s
(#109): 280.788s
(#110): 275.191s
(#111): 273.118s
(#112): 282.7s
(#113): 281.449s
(#114): 278.475s
(#115): 278.813s
(#116): 278.725s
(#117): 279.861s
(#118): 281.104s
(#119): 283.689s
(#120): 300.9s
(#121): 303.433s
(#122): 305.289s
(#123): 307.056s
(#124): 305.431s
(#125): 302.162s
(#126): 295.3s
(#127): 288.013s
Min: 239.06s | Max: 370.181s | Avg: 331.12s
OMP_SCHEDULE=static OMP_NUM_THREADS=256 ./build/ray-tracing-omp -S 8192 -W 512 -H 288 -D 32 -o images/static-image-256.ppm
Sample: 8192, Width: 512, Height: 288, Depth: 32, Collapse: disabled, Threads: 256, Schedule: Static, chunk size: 0

Elapsed time: 452.169 
(#0): 404.321s
(#1): 404.174s
(#2): 401.307s
(#3): 401.181s
(#4): 399.552s
(#5): 399.608s
(#6): 397.807s
(#7): 397.75s
(#8): 397.442s
(#9): 397.427s
(#10): 399.311s
(#11): 413.952s
(#12): 431.096s
(#13): 435.821s
(#14): 440.433s
(#15): 441.92s
(#16): 448.143s
(#17): 448.45s
(#18): 448.814s
(#19): 449.981s
(#20): 450.764s
(#21): 450.919s
(#22): 451.305s
(#23): 451.872s
(#24): 451.751s
(#25): 451.576s
(#26): 451.366s
(#27): 451.354s
(#28): 450.874s
(#29): 450.691s
(#30): 450.794s
(#31): 452.168s
(#32): 349.573s
(#33): 361.69s
(#34): 370.726s
(#35): 379.694s
(#36): 385.798s
(#37): 388.219s
(#38): 387.028s
(#39): 387.965s
(#40): 385.668s
(#41): 384.48s
(#42): 385.379s
(#43): 384.878s
(#44): 386.41s
(#45): 387.832s
(#46): 388.779s
(#47): 390.235s
(#48): 399.859s
(#49): 401.503s
(#50): 398.939s
(#51): 399.352s
(#52): 397.409s
(#53): 396.952s
(#54): 393.468s
(#55): 393.859s
(#56): 394.722s
(#57): 395.926s
(#58): 399.127s
(#59): 399.453s
(#60): 400.747s
(#61): 401.759s
(#62): 402.478s
(#63): 403.312s
(#64): 412.897s
(#65): 412.854s
(#66): 409.621s
(#67): 411.187s
(#68): 411.524s
(#69): 412.252s
(#70): 411.421s
(#71): 411.662s
(#72): 411.542s
(#73): 412.369s
(#74): 414.136s
(#75): 414.462s
(#76): 414.707s
(#77): 414.584s
(#78): 413.56s
(#79): 414.012s
(#80): 422.153s
(#81): 424.738s
(#82): 426.905s
(#83): 431.372s
(#84): 435.029s
(#85): 435.618s
(#86): 435.39s
(#87): 436.828s
(#88): 437.762s
(#89): 437.917s
(#90): 437.866s
(#91): 438.022s
(#92): 436.679s
(#93): 434.973s
(#94): 433.157s
(#95): 433.314s
(#96): 435.598s
(#97): 435.142s
(#98): 430.981s
(#99): 431.005s
(#100): 430.41s
(#101): 429.416s
(#102): 427.519s
(#103): 428.874s
(#104): 430.444s
(#105): 431.94s
(#106): 435.144s
(#107): 436.749s
(#108): 438.058s
(#109): 437.436s
(#110): 432.933s
(#111): 429.977s
(#112): 433.563s
(#113): 433.605s
(#114): 431.098s
(#115): 431.877s
(#116): 432.407s
(#117): 433.236s
(#118): 434.064s
(#119): 434.421s
(#120): 435.304s
(#121): 436.02s
(#122): 438.726s
(#123): 439.224s
(#124): 437.353s
(#125): 437.472s
(#126): 435.246s
(#127): 433.015s
(#128): 402.304s
(#129): 403.967s
(#130): 402.318s
(#131): 404.539s
(#132): 403.845s
(#133): 405.618s
(#134): 409.105s
(#135): 410.679s
(#136): 408.013s
(#137): 408.96s
(#138): 415.277s
(#139): 419.695s
(#140): 423.092s
(#141): 421.193s
(#142): 420.543s
(#143): 415.24s
(#144): 415.307s
(#145): 412.672s
(#146): 402.276s
(#147): 396.956s
(#148): 393.049s
(#149): 392.495s
(#150): 389.843s
(#151): 388.908s
(#152): 386.393s
(#153): 386.987s
(#154): 391.489s
(#155): 393.239s
(#156): 395.465s
(#157): 395.303s
(#158): 388.306s
(#159): 385.405s
(#160): 418.314s
(#161): 412.845s
(#162): 401.485s
(#163): 397.751s
(#164): 394.238s
(#165): 392.591s
(#166): 388.297s
(#167): 386.699s
(#168): 383.159s
(#169): 382.66s
(#170): 383.838s
(#171): 385.322s
(#172): 387.671s
(#173): 389.123s
(#174): 389.885s
(#175): 390.738s
(#176): 401.444s
(#177): 402.056s
(#178): 397.056s
(#179): 397.307s
(#180): 398.287s
(#181): 401.996s
(#182): 399.88s
(#183): 395.619s
(#184): 389.523s
(#185): 386.647s
(#186): 385.495s
(#187): 385.089s
(#188): 386.207s
(#189): 386.965s
(#190): 387.521s
(#191): 386.985s
(#192): 364.669s
(#193): 363.236s
(#194): 358.052s
(#195): 358.227s
(#196): 358.094s
(#197): 360.69s
(#198): 363.808s
(#199): 368.652s
(#200): 368.475s
(#201): 366.818s
(#202): 367.251s
(#203): 365.073s
(#204): 360.363s
(#205): 356.195s
(#206): 350.06s
(#207): 347.837s
(#208): 344.628s
(#209): 345.295s
(#210): 343.904s
(#211): 345.961s
(#212): 344.559s
(#213): 342.516s
(#214): 336.669s
(#215): 333.26s
(#216): 327.064s
(#217): 324.069s
(#218): 324.508s
(#219): 322.428s
(#220): 320.542s
(#221): 319.524s
(#222): 318.288s
(#223): 317.906s
(#224): 313.297s
(#225): 313.55s
(#226): 310.466s
(#227): 310.419s
(#228): 309.844s
(#229): 309.314s
(#230): 307.069s
(#231): 307.405s
(#232): 304.92s
(#233): 305.767s
(#234): 310.833s
(#235): 311.556s
(#236): 312.993s
(#237): 313.723s
(#238): 314.086s
(#239): 314.981s
(#240): 330.464s
(#241): 331.845s
(#242): 329.481s
(#243): 331.476s
(#244): 332.694s
(#245): 334.278s
(#246): 333.672s
(#247): 333.903s
(#248): 332.006s
(#249): 331.311s
(#250): 333.613s
(#251): 332.217s
(#252): 329.36s
(#253): 326.618s
(#254): 321.42s
(#255): 318.497s
Min: 304.92s | Max: 452.168s | Avg: 392.495s
